Arguments: 
  /usr/local/bin/node /Users/admin/.yarn/bin/yarn.js install

PATH: 
  /Users/admin/.rvm/gems/ruby-2.6.6/bin:/Users/admin/.rvm/gems/ruby-2.6.6@global/bin:/Users/admin/.rvm/rubies/ruby-2.6.6/bin:/Users/admin/.sdkman/candidates/java/current/bin:/usr/local/opt/openjdk@11/bin:/Users/admin/.yarn/bin:/Users/admin/.config/yarn/global/node_modules/.bin:/usr/local/bin:/usr/bin:/bin:/usr/sbin:/sbin:/usr/local/mysql/bin:/usr/local/mysql/support-files:/Library/Apple/usr/bin:/Library/Frameworks/Mono.framework/Versions/Current/Commands:/Users/admin/.rvm/bin

Yarn version: 
  1.22.5

Node version: 
  15.5.1

Platform: 
  darwin x64

Trace: 
  Invariant Violation: could not find a copy of typescript to link in /Volumes/Work/salonhome/node_modules/rxjs-tslint/node_modules
      at invariant (/Users/admin/.yarn/lib/cli.js:2314:15)
      at PackageLinker.<anonymous> (/Users/admin/.yarn/lib/cli.js:48717:7)
      at Generator.next (<anonymous>)
      at step (/Users/admin/.yarn/lib/cli.js:310:30)
      at /Users/admin/.yarn/lib/cli.js:321:13
      at runMicrotasks (<anonymous>)
      at processTicksAndRejections (node:internal/process/task_queues:93:5)

npm manifest: 
  {
    "name": "salonhome",
    "version": "0.0.0",
    "license": "MIT",
    "scripts": {
      "ng": "ng",
      "start": "ng serve",
      "build": "ng build",
      "test": "ng test",
      "lint": "ng lint",
      "e2e": "ng e2e"
    },
    "private": true,
    "dependencies": {
      "@angular/animations": "^8.2.14",
      "@angular/common": "^8.2.14",
      "@angular/compiler": "^8.2.14",
      "@angular/core": "^8.2.14",
      "@angular/forms": "^8.2.14",
      "@angular/platform-browser": "^8.2.14",
      "@angular/platform-browser-dynamic": "^8.2.14",
      "@angular/router": "^8.2.14",
      "classlist.js": "^1.1.20150312",
      "core-js": "^2.6.10",
      "intl": "^1.2.5",
      "ngx-swiper-wrapper": "^8.0.2",
      "rxjs": "^6.5.3",
      "rxjs-tslint": "^0.1.7",
      "tslib": "^1.9.0",
      "web-animations-js": "github:angular/web-animations-js#release_pr208",
      "zone.js": "~0.9.1"
    },
    "devDependencies": {
      "@angular-devkit/build-angular": "^0.800.6",
      "@angular/cli": "^8.3.19",
      "@angular/compiler-cli": "^8.2.14",
      "@angular/language-service": "^8.2.14",
      "@types/jasmine": "~2.5.53",
      "@types/jasminewd2": "^2.0.8",
      "@types/node": "^6.14.9",
      "codelyzer": "^5.2.0",
      "jasmine-core": "~2.6.2",
      "jasmine-spec-reporter": "~4.1.0",
      "karma": "^4.4.1",
      "karma-chrome-launcher": "~2.1.1",
      "karma-cli": "~1.0.1",
      "karma-coverage-istanbul-reporter": "^1.4.3",
      "karma-jasmine": "^1.1.2",
      "karma-jasmine-html-reporter": "^0.2.2",
      "protractor": "^5.4.2",
      "ts-node": "~3.2.0",
      "tslint": "^5.20.1",
      "typescript": "~3.4.0"
    }
  }

yarn manifest: 
  No manifest

Lockfile: 
  No lockfile
